<?xml version="1.0" encoding="utf-8"?><testsuites name="pytest tests"><testsuite name="pytest" errors="0" failures="0" skipped="0" tests="4" time="24.224" timestamp="2026-08-07T20:35:47.433577+00:00" hostname="agent-env-f929511e-5c57-4851-9352-72fe9f0a67e1"><testcase classname="tests.test_e2e_regression.TestEndToEndBuild" name="test_start_build" time="0.257" /><testcase classname="tests.test_e2e_regression.TestEndToEndBuild" name="test_sse_emits_deltas" time="23.632" /><testcase classname="tests.test_e2e_regression.TestEndToEndBuild" name="test_chain_completes_with_real_code" time="0.144" /><testcase classname="tests.test_e2e_regression.TestEndToEndBuild" name="test_download_zip" time="0.127" /></testsuite></testsuites>