<?xml version="1.0" encoding="utf-8"?><testsuites name="pytest tests"><testsuite name="pytest" errors="0" failures="0" skipped="0" tests="10" time="60.258" timestamp="2026-08-07T20:33:44.289640+00:00" hostname="agent-env-f929511e-5c57-4851-9352-72fe9f0a67e1"><testcase classname="tests.test_iteration6_fixes" name="test_build_reward_not_all_zero[0]" time="57.152" /><testcase classname="tests.test_iteration6_fixes" name="test_build_reward_not_all_zero[1]" time="0.000" /><testcase classname="tests.test_iteration6_fixes" name="test_build_reward_not_all_zero[2]" time="0.000" /><testcase classname="tests.test_iteration6_fixes" name="test_no_completed_chain_has_negative_or_zero_composite" time="0.000" /><testcase classname="tests.test_iteration6_fixes" name="test_exec_started_and_real_files" time="0.000" /><testcase classname="tests.test_iteration6_fixes.TestWorkspaceOwnership" name="test_owner_can_materialize" time="0.104" /><testcase classname="tests.test_iteration6_fixes.TestWorkspaceOwnership" name="test_non_owner_gets_404_and_writes_nothing" time="1.227" /><testcase classname="tests.test_iteration6_fixes.TestWorkspaceOwnership" name="test_no_identity_gets_404" time="1.218" /><testcase classname="tests.test_iteration6_fixes.TestWorkspaceOwnership" name="test_unknown_chain_404" time="0.101" /><testcase classname="tests.test_iteration6_fixes" name="test_startup_rater_validation_log" time="0.389" /></testsuite></testsuites>