<?xml version="1.0" encoding="utf-8"?><testsuites name="pytest tests"><testsuite name="pytest" errors="0" failures="0" skipped="0" tests="46" time="46.253" timestamp="2026-08-07T20:31:54.833766+00:00" hostname="agent-env-f929511e-5c57-4851-9352-72fe9f0a67e1"><testcase classname="tests.test_ownership.TestOwnership" name="test_owner_a_can_read_own_chain" time="0.307" /><testcase classname="tests.test_ownership.TestOwnership" name="test_chain_doc_has_anon_session_id" time="0.418" /><testcase classname="tests.test_ownership.TestOwnership" name="test_owner_b_gets_404" time="0.043" /><testcase classname="tests.test_ownership.TestOwnership" name="test_list_filtering" time="0.087" /><testcase classname="tests.test_ownership.TestOwnership" name="test_subendpoints_404_for_non_owner[get-/download-None]" time="0.045" /><testcase classname="tests.test_ownership.TestOwnership" name="test_subendpoints_404_for_non_owner[get-/download/0-None]" time="0.046" /><testcase classname="tests.test_ownership.TestOwnership" name="test_subendpoints_404_for_non_owner[post-/verify-None]" time="0.045" /><testcase classname="tests.test_ownership.TestOwnership" name="test_subendpoints_404_for_non_owner[get-/stream-None]" time="0.045" /><testcase classname="tests.test_ownership.TestOwnership" name="test_subendpoints_404_for_non_owner[post-/push-body4]" time="0.045" /><testcase classname="tests.test_ownership.TestOwnership" name="test_workspace_endpoint_owner_scoped" time="0.052" /><testcase classname="tests.test_ownership.TestOwnership" name="test_evolve_without_identity_400" time="0.047" /><testcase classname="tests.test_ownership.TestOwnership" name="test_list_without_identity_empty" time="0.044" /><testcase classname="tests.test_ownership.TestOwnership" name="test_query_param_owner_fallback" time="0.211" /><testcase classname="tests.test_ownership.TestSignedInOwnership" name="test_auth_me_requires_session" time="0.111" /><testcase classname="tests.test_ownership.TestSignedInOwnership" name="test_auth_me_with_bearer" time="0.604" /><testcase classname="tests.test_ownership.TestSignedInOwnership" name="test_signed_in_chain_stamped_with_user_id" time="0.801" /><testcase classname="tests.test_ownership.TestSettingsAndPushContract" name="test_settings_roundtrip_per_session" time="0.569" /><testcase classname="tests.test_ownership.TestSettingsAndPushContract" name="test_push_missing_credentials" time="0.977" /><testcase classname="tests.test_security_fixes.TestSec001EnvScrubbing" name="test_child_env_has_no_secrets" time="2.011" /><testcase classname="tests.test_security_fixes.TestSec001EnvScrubbing" name="test_secret_values_absent_from_dump" time="1.008" /><testcase classname="tests.test_security_fixes.TestSec002PathTraversal" name="test_materialize_blocks_traversal" time="0.002" /><testcase classname="tests.test_security_fixes.TestSec002PathTraversal" name="test_run_sh_is_executable" time="0.000" /><testcase classname="tests.test_security_fixes.TestSec002PathTraversal" name="test_chain_generator_relpath_guard" time="0.042" /><testcase classname="tests.test_security_fixes.TestSec004PushEndpointContract" name="test_push_unknown_chain_404" time="0.107" /><testcase classname="tests.test_security_fixes.TestSec004PushEndpointContract" name="test_push_incomplete_chain_409" time="0.120" /><testcase classname="tests.test_security_fixes.TestSec004PushEndpointContract" name="test_push_without_credentials_400" time="0.152" /><testcase classname="tests.test_security_fixes.TestSec004PushEndpointContract" name="test_no_pat_in_git_argv_source" time="0.000" /><testcase classname="tests.test_security_fixes.TestSettingsBYOK" name="test_settings_roundtrip_hides_secrets" time="0.226" /><testcase classname="tests.test_security_fixes.TestSettingsBYOK" name="test_clearing_key" time="0.219" /><testcase classname="tests.test_security_fixes.TestOrphanSweep" name="test_running_chain_marked_failed_on_restart" time="35.734" /><testcase classname="tests.test_auth.TestAuthSession" name="test_missing_session_id_returns_400" time="0.109" /><testcase classname="tests.test_auth.TestAuthSession" name="test_missing_session_id_no_body_returns_400" time="0.056" /><testcase classname="tests.test_auth.TestAuthSession" name="test_bogus_session_id_header_form_returns_401" time="0.135" /><testcase classname="tests.test_auth.TestAuthSession" name="test_bogus_session_id_body_form_returns_401" time="0.107" /><testcase classname="tests.test_auth.TestAuthMe" name="test_me_without_credentials_returns_401" time="0.102" /><testcase classname="tests.test_auth.TestAuthMe" name="test_me_with_bearer_returns_authuser" time="0.104" /><testcase classname="tests.test_auth.TestAuthMe" name="test_me_with_cookie_returns_authuser" time="0.098" /><testcase classname="tests.test_auth.TestAuthMe" name="test_me_with_expired_session_returns_401" time="0.107" /><testcase classname="tests.test_auth.TestAuthMe" name="test_me_with_unknown_token_returns_401" time="0.107" /><testcase classname="tests.test_auth.TestAuthLogout" name="test_logout_deletes_session_and_me_401" time="0.332" /><testcase classname="tests.test_auth.TestAuthLogout" name="test_logout_without_token_is_noop_ok" time="0.100" /><testcase classname="tests.test_auth.TestCors" name="test_app_echoes_origin_with_credentials" time="0.005" /><testcase classname="tests.test_auth.TestCors" name="test_public_edge_cors_credentials" time="0.108" /><testcase classname="tests.test_auth.TestCors" name="test_cors_preflight_app_level" time="0.002" /><testcase classname="tests.test_auth.TestAnonymousRegression" name="test_settings_works_without_auth" time="0.110" /><testcase classname="tests.test_auth.TestAnonymousRegression" name="test_root_and_status_public" time="0.215" /></testsuite></testsuites>