<?xml version="1.0" encoding="utf-8"?><testsuites name="pytest tests"><testsuite name="pytest" errors="3" failures="5" skipped="0" tests="30" time="13.022" timestamp="2026-08-18T10:43:25.118462+00:00" hostname="agent-env-f929511e-5c57-4851-9352-72fe9f0a67e1"><testcase classname="tests.test_ownership.TestOwnership" name="test_owner_a_can_read_own_chain" time="1.219" /><testcase classname="tests.test_ownership.TestOwnership" name="test_chain_doc_has_anon_session_id" time="1.297"><failure message="AssertionError: null&#10;assert 'TEST_ownerA_20b566c2-d75d-46da-b97d-19cda87cb134' in 'null'">E   AssertionError: null
    assert 'TEST_ownerA_20b566c2-d75d-46da-b97d-19cda87cb134' in 'null'</failure></testcase><testcase classname="tests.test_ownership.TestOwnership" name="test_owner_b_gets_404" time="0.206" /><testcase classname="tests.test_ownership.TestOwnership" name="test_list_filtering" time="0.416" /><testcase classname="tests.test_ownership.TestOwnership" name="test_subendpoints_404_for_non_owner[get-/download-None]" time="0.208" /><testcase classname="tests.test_ownership.TestOwnership" name="test_subendpoints_404_for_non_owner[get-/download/0-None]" time="0.206" /><testcase classname="tests.test_ownership.TestOwnership" name="test_subendpoints_404_for_non_owner[post-/verify-None]" time="0.210" /><testcase classname="tests.test_ownership.TestOwnership" name="test_subendpoints_404_for_non_owner[get-/stream-None]" time="0.205" /><testcase classname="tests.test_ownership.TestOwnership" name="test_subendpoints_404_for_non_owner[post-/push-body4]" time="0.210" /><testcase classname="tests.test_ownership.TestOwnership" name="test_workspace_endpoint_owner_scoped" time="0.208" /><testcase classname="tests.test_ownership.TestOwnership" name="test_evolve_without_identity_400" time="0.087" /><testcase classname="tests.test_ownership.TestOwnership" name="test_list_without_identity_empty" time="0.205" /><testcase classname="tests.test_ownership.TestOwnership" name="test_query_param_owner_fallback" time="0.591" /><testcase classname="tests.test_ownership.TestSignedInOwnership" name="test_auth_me_requires_session" time="0.187" /><testcase classname="tests.test_ownership.TestSignedInOwnership" name="test_auth_me_with_bearer" time="0.543"><failure message="AssertionError: {&quot;detail&quot;:&quot;not authenticated&quot;}&#10;assert 401 == 200&#10; +  where 401 = &lt;Response [401]&gt;.status_code">E   AssertionError: {"detail":"not authenticated"}
    assert 401 == 200
     +  where 401 = &lt;Response [401]&gt;.status_code</failure></testcase><testcase classname="tests.test_ownership.TestSignedInOwnership" name="test_signed_in_chain_stamped_with_user_id" time="0.149"><failure message="AssertionError: {&quot;detail&quot;:&quot;no session identity — sign in or send X-Capcode-Session header&quot;}&#10;assert 400 == 200&#10; +  where 400 = &lt;Response [400]&gt;.status_code">E   AssertionError: {"detail":"no session identity — sign in or send X-Capcode-Session header"}
    assert 400 == 200
     +  where 400 = &lt;Response [400]&gt;.status_code</failure></testcase><testcase classname="tests.test_ownership.TestSettingsAndPushContract" name="test_settings_roundtrip_per_session" time="1.030" /><testcase classname="tests.test_ownership.TestSettingsAndPushContract" name="test_push_missing_credentials" time="0.939" /><testcase classname="tests.test_security_fixes.TestSec001EnvScrubbing" name="test_child_env_has_no_secrets" time="1.034"><failure message="AssertionError: run.sh did not execute: {'ran': True, 'started': False, 'exit_code': 126, 'stdout': '', 'stderr': '', 'port_listening': False, 'duration_s': 1.03, 'root': '/tmp/pytest-of-root/pytest-0/test_child_env_has_no_secrets0'}&#10;assert False&#10; +  where False = exists()&#10; +    where exists = PosixPath('/tmp/pytest-of-root/pytest-0/test_child_env_has_no_secrets0/env_dump.txt').exists">E   AssertionError: run.sh did not execute: {'ran': True, 'started': False, 'exit_code': 126, 'stdout': '', 'stderr': '', 'port_listening': False, 'duration_s': 1.03, 'root': '/tmp/pytest-of-root/pytest-0/test_child_env_has_no_secrets0'}
    assert False
     +  where False = exists()
     +    where exists = PosixPath('/tmp/pytest-of-root/pytest-0/test_child_env_has_no_secrets0/env_dump.txt').exists</failure></testcase><testcase classname="tests.test_security_fixes.TestSec001EnvScrubbing" name="test_secret_values_absent_from_dump" time="1.008"><failure message="FileNotFoundError: [Errno 2] No such file or directory: '/tmp/pytest-of-root/pytest-0/test_secret_values_absent_from0/env_dump.txt'">E   FileNotFoundError: [Errno 2] No such file or directory: '/tmp/pytest-of-root/pytest-0/test_secret_values_absent_from0/env_dump.txt'</failure></testcase><testcase classname="tests.test_security_fixes.TestSec002PathTraversal" name="test_materialize_blocks_traversal" time="0.003" /><testcase classname="tests.test_security_fixes.TestSec002PathTraversal" name="test_run_sh_is_executable" time="0.000" /><testcase classname="tests.test_security_fixes.TestSec002PathTraversal" name="test_chain_generator_relpath_guard" time="0.038" /><testcase classname="tests.test_security_fixes.TestSec004PushEndpointContract" name="test_push_unknown_chain_404" time="0.288" /><testcase classname="tests.test_security_fixes.TestSec004PushEndpointContract" name="test_push_incomplete_chain_409" time="0.000"><error message="failed on setup with &quot;ModuleNotFoundError: No module named 'pymongo'&quot;">E   ModuleNotFoundError: No module named 'pymongo'</error></testcase><testcase classname="tests.test_security_fixes.TestSec004PushEndpointContract" name="test_push_without_credentials_400" time="0.000"><error message="failed on setup with &quot;ModuleNotFoundError: No module named 'pymongo'&quot;">E   ModuleNotFoundError: No module named 'pymongo'</error></testcase><testcase classname="tests.test_security_fixes.TestSec004PushEndpointContract" name="test_no_pat_in_git_argv_source" time="0.000" /><testcase classname="tests.test_security_fixes.TestSettingsBYOK" name="test_settings_roundtrip_hides_secrets" time="1.084" /><testcase classname="tests.test_security_fixes.TestSettingsBYOK" name="test_clearing_key" time="1.338" /><testcase classname="tests.test_security_fixes.TestOrphanSweep" name="test_running_chain_marked_failed_on_restart" time="0.000"><error message="failed on setup with &quot;ModuleNotFoundError: No module named 'pymongo'&quot;">E   ModuleNotFoundError: No module named 'pymongo'</error></testcase></testsuite></testsuites>