<?xml version="1.0" encoding="utf-8"?><testsuites name="pytest tests"><testsuite name="pytest" errors="0" failures="0" skipped="0" tests="3" time="2.631" timestamp="2026-08-18T10:52:07.492556+00:00" hostname="agent-env-f929511e-5c57-4851-9352-72fe9f0a67e1"><testcase classname="tests.test_iteration9_billing_cycle" name="test_start_cycle_then_get_cycle_clean_doc" time="0.825" /><testcase classname="tests.test_iteration9_billing_cycle" name="test_get_cycle_lazily_renews_after_30_days" time="0.964" /><testcase classname="tests.test_iteration9_billing_cycle" name="test_cancel_cycle_makes_get_cycle_none" time="0.809" /></testsuite></testsuites>