<?xml version="1.0" encoding="utf-8"?><testsuites name="pytest tests"><testsuite name="pytest" errors="0" failures="0" skipped="0" tests="11" time="1.625" timestamp="2026-08-18T10:43:14.480854+00:00" hostname="agent-env-f929511e-5c57-4851-9352-72fe9f0a67e1"><testcase classname="tests.test_iteration9_pricing.TestPrices" name="test_prices_shape_and_values" time="0.196" /><testcase classname="tests.test_iteration9_pricing.TestPrices" name="test_prices_no_auth_required_and_cached_consistent" time="0.301" /><testcase classname="tests.test_iteration9_pricing.TestPrices" name="test_prices_leaks_no_mongo_id" time="0.088" /><testcase classname="tests.test_iteration9_pricing.TestCheckoutAuthGate" name="test_requires_sign_in[paid]" time="0.086" /><testcase classname="tests.test_iteration9_pricing.TestCheckoutAuthGate" name="test_requires_sign_in[paid_annual]" time="0.083" /><testcase classname="tests.test_iteration9_pricing.TestCheckoutAuthGate" name="test_requires_sign_in[trial]" time="0.082" /><testcase classname="tests.test_iteration9_pricing.TestCheckoutAuthGate" name="test_requires_sign_in[bogus]" time="0.088" /><testcase classname="tests.test_iteration9_pricing.TestCheckoutAuthGate" name="test_requires_sign_in[None]" time="0.082" /><testcase classname="tests.test_iteration9_pricing.TestCheckoutAuthGate" name="test_checkout_no_body_still_401_not_500" time="0.146" /><testcase classname="tests.test_iteration9_pricing.TestStartTrialGating" name="test_start_trial_gate" time="0.091" /><testcase classname="tests.test_iteration9_pricing.TestTierStatus" name="test_anonymous_is_free" time="0.082" /></testsuite></testsuites>