<?xml version="1.0" encoding="utf-8"?><testsuites name="pytest tests"><testsuite name="pytest" errors="0" failures="0" skipped="0" tests="13" time="4.721" timestamp="2026-08-18T17:27:46.909383+00:00" hostname="agent-env-f929511e-5c57-4851-9352-72fe9f0a67e1"><testcase classname="tests.test_iteration10_edit_diffing.TestChainManifestFields" name="test_build_manifest_present" time="0.414" /><testcase classname="tests.test_iteration10_edit_diffing.TestCheckEditsUpload" name="test_modified_index_html_detected" time="0.359" /><testcase classname="tests.test_iteration10_edit_diffing.TestCheckEditsUpload" name="test_reupload_identical_is_deduped" time="0.784" /><testcase classname="tests.test_iteration10_edit_diffing.TestCheckEditsUpload" name="test_unmodified_upload_reports_zero" time="0.162" /><testcase classname="tests.test_iteration10_edit_diffing.TestCheckEditsUpload" name="test_nested_folder_path_normalization" time="0.391" /><testcase classname="tests.test_iteration10_edit_diffing.TestCheckEditsUpload" name="test_bad_zip_rejected" time="0.182" /><testcase classname="tests.test_iteration10_edit_diffing.TestCheckEditsEdgeCases" name="test_no_file_no_github_returns_400" time="0.170" /><testcase classname="tests.test_iteration10_edit_diffing.TestCheckEditsEdgeCases" name="test_nonexistent_chain_returns_404" time="0.165" /><testcase classname="tests.test_iteration10_edit_diffing.TestCheckEditsEdgeCases" name="test_running_chain_returns_409" time="0.839" /><testcase classname="tests.test_iteration10_edit_diffing.TestEditDiffsHistory" name="test_history_lists_both_files_and_is_stable" time="0.496" /><testcase classname="tests.test_iteration10_edit_diffing.TestEditDiffsHistory" name="test_edit_diffs_404_for_unknown_chain" time="0.167" /><testcase classname="tests.test_iteration10_edit_diffing.TestSmoke" name="test_pricing_tiers" time="0.069" /><testcase classname="tests.test_iteration10_edit_diffing.TestSmoke" name="test_chains_list" time="0.167" /></testsuite></testsuites>