<?xml version="1.0" encoding="utf-8"?><testsuites name="pytest tests"><testsuite name="pytest" errors="0" failures="0" skipped="0" tests="21" time="5.548" timestamp="2026-08-19T15:28:52.896824+00:00" hostname="agent-env-f929511e-5c57-4851-9352-72fe9f0a67e1"><testcase classname="tests.test_iteration13_teams_topup.TestTeamDefaults" name="test_defaults_public" time="0.360" /><testcase classname="tests.test_iteration13_teams_topup.TestSettingsSixRoles" name="test_settings_returns_six_roles" time="0.169" /><testcase classname="tests.test_iteration13_teams_topup.TestSettingsSixRoles" name="test_reset_nvidia_and_persist" time="0.647" /><testcase classname="tests.test_iteration13_teams_topup.TestSettingsSixRoles" name="test_reset_venice_overwrites" time="0.683" /><testcase classname="tests.test_iteration13_teams_topup.TestSettingsSixRoles" name="test_reset_openrouter" time="0.484" /><testcase classname="tests.test_iteration13_teams_topup.TestSettingsSixRoles" name="test_reset_unknown_team_400" time="0.106" /><testcase classname="tests.test_iteration13_teams_topup.TestSettingsSixRoles" name="test_reset_missing_fields_422" time="0.137" /><testcase classname="tests.test_iteration13_teams_topup.TestSettingsSixRoles" name="test_reset_does_not_clobber_keys" time="1.070" /><testcase classname="tests.test_iteration13_teams_topup.TestSettingsSixRoles" name="test_save_all_six_roles" time="0.560" /><testcase classname="tests.test_iteration13_teams_topup.TestTopups" name="test_packages_public" time="0.115" /><testcase classname="tests.test_iteration13_teams_topup.TestTopups" name="test_checkout_requires_signin[8]" time="0.122" /><testcase classname="tests.test_iteration13_teams_topup.TestTopups" name="test_checkout_requires_signin[16]" time="0.114" /><testcase classname="tests.test_iteration13_teams_topup.TestTopups" name="test_checkout_requires_signin[32]" time="0.107" /><testcase classname="tests.test_iteration13_teams_topup.TestTopups" name="test_checkout_bad_package_not_500" time="0.097" /><testcase classname="tests.test_iteration13_teams_topup.TestTopups" name="test_checkout_missing_body" time="0.093" /><testcase classname="tests.test_iteration13_teams_topup.TestProfileAuth" name="test_profile_unauthenticated_401" time="0.105" /><testcase classname="tests.test_iteration13_teams_topup.TestProfileAuth" name="test_profile_with_anon_session_still_401" time="0.087" /><testcase classname="tests.test_iteration13_teams_topup.TestProfileAuth" name="test_profile_bogus_bearer_401" time="0.078" /><testcase classname="tests.test_iteration13_teams_topup.TestBootSmoke" name="test_status" time="0.177" /><testcase classname="tests.test_iteration13_teams_topup.TestBootSmoke" name="test_tier_plans" time="0.085" /><testcase classname="tests.test_iteration13_teams_topup.TestBootSmoke" name="test_frontend_serves" time="0.082" /></testsuite></testsuites>