<?xml version="1.0" encoding="utf-8"?><testsuites name="pytest tests"><testsuite name="pytest" errors="0" failures="0" skipped="0" tests="18" time="6.153" timestamp="2026-08-18T18:08:14.100930+00:00" hostname="agent-env-f929511e-5c57-4851-9352-72fe9f0a67e1"><testcase classname="tests.test_iteration11_eval_meta.TestEvalWeightsEndpoint" name="test_public_no_auth_headers" time="0.322" /><testcase classname="tests.test_iteration11_eval_meta.TestEvalWeightsEndpoint" name="test_weights_sum_to_one" time="0.203" /><testcase classname="tests.test_iteration11_eval_meta.TestEvalWeightsEndpoint" name="test_no_mongo_id_leak" time="0.268" /><testcase classname="tests.test_iteration11_eval_meta.TestEvalWeightsEndpoint" name="test_idempotent_repeat_reads" time="0.539" /><testcase classname="tests.test_iteration11_eval_meta.TestRecomputeWiringNeverBreaksRequests" name="test_verify_repeated_rapid_calls_ok" time="1.885" /><testcase classname="tests.test_iteration11_eval_meta.TestRecomputeWiringNeverBreaksRequests" name="test_eval_weights_still_default_after_verify" time="0.204" /><testcase classname="tests.test_iteration11_eval_meta.TestRecomputeWiringNeverBreaksRequests" name="test_check_edits_with_changes_ok_and_no_error" time="0.596" /><testcase classname="tests.test_iteration11_eval_meta.TestRecomputeWiringNeverBreaksRequests" name="test_check_edits_no_changes_still_200" time="0.463" /><testcase classname="tests.test_iteration11_eval_meta.TestSecondsSinceBuildInResponse" name="test_fresh_diff_response_includes_seconds_since_build" time="0.429" /><testcase classname="tests.test_iteration11_eval_meta.TestSecondsSinceBuildInResponse" name="test_persisted_row_matches_response_value" time="0.695" /><testcase classname="tests.test_iteration11_eval_meta.TestCompositeV2Weights" name="test_default_matches_explicit_original_weights" time="0.041" /><testcase classname="tests.test_iteration11_eval_meta.TestCompositeV2Weights" name="test_custom_weights_change_score" time="0.000" /><testcase classname="tests.test_iteration11_eval_meta.TestCompositeV2Weights" name="test_coverage_gate_ignores_weights" time="0.000" /><testcase classname="tests.test_iteration11_eval_meta.TestCompositeV2Weights" name="test_eval_meta_module_constants" time="0.000" /><testcase classname="tests.test_iteration11_eval_meta.TestCompositeV2Weights" name="test_new_progress_carries_eval_weights" time="0.000" /><testcase classname="tests.test_iteration11_eval_meta.TestSmoke" name="test_endpoints_ok[/api/tier/prices]" time="0.077" /><testcase classname="tests.test_iteration11_eval_meta.TestSmoke" name="test_endpoints_ok[/api/tier/status]" time="0.078" /><testcase classname="tests.test_iteration11_eval_meta.TestSmoke" name="test_endpoints_ok[/api/chains]" time="0.161" /></testsuite></testsuites>