<?xml version="1.0" encoding="utf-8"?><testsuites name="pytest tests"><testsuite name="pytest" errors="0" failures="0" skipped="0" tests="18" time="35.388" timestamp="2026-08-07T20:11:33.480976+00:00" hostname="agent-env-f929511e-5c57-4851-9352-72fe9f0a67e1"><testcase classname="tests.test_ownership.TestOwnership" name="test_owner_a_can_read_own_chain" time="31.353" /><testcase classname="tests.test_ownership.TestOwnership" name="test_chain_doc_has_anon_session_id" time="0.366" /><testcase classname="tests.test_ownership.TestOwnership" name="test_owner_b_gets_404" time="0.062" /><testcase classname="tests.test_ownership.TestOwnership" name="test_list_filtering" time="0.096" /><testcase classname="tests.test_ownership.TestOwnership" name="test_subendpoints_404_for_non_owner[get-/download-None]" time="0.050" /><testcase classname="tests.test_ownership.TestOwnership" name="test_subendpoints_404_for_non_owner[get-/download/0-None]" time="0.067" /><testcase classname="tests.test_ownership.TestOwnership" name="test_subendpoints_404_for_non_owner[post-/verify-None]" time="0.051" /><testcase classname="tests.test_ownership.TestOwnership" name="test_subendpoints_404_for_non_owner[get-/stream-None]" time="0.048" /><testcase classname="tests.test_ownership.TestOwnership" name="test_subendpoints_404_for_non_owner[post-/push-body4]" time="0.049" /><testcase classname="tests.test_ownership.TestOwnership" name="test_workspace_endpoint_owner_scoped" time="0.048" /><testcase classname="tests.test_ownership.TestOwnership" name="test_evolve_without_identity_400" time="0.046" /><testcase classname="tests.test_ownership.TestOwnership" name="test_list_without_identity_empty" time="0.048" /><testcase classname="tests.test_ownership.TestOwnership" name="test_query_param_owner_fallback" time="0.345" /><testcase classname="tests.test_ownership.TestSignedInOwnership" name="test_auth_me_requires_session" time="0.109" /><testcase classname="tests.test_ownership.TestSignedInOwnership" name="test_auth_me_with_bearer" time="0.501" /><testcase classname="tests.test_ownership.TestSignedInOwnership" name="test_signed_in_chain_stamped_with_user_id" time="0.727" /><testcase classname="tests.test_ownership.TestSettingsAndPushContract" name="test_settings_roundtrip_per_session" time="0.507" /><testcase classname="tests.test_ownership.TestSettingsAndPushContract" name="test_push_missing_credentials" time="0.822" /></testsuite></testsuites>