<?xml version="1.0" encoding="utf-8"?><testsuites name="pytest tests"><testsuite name="pytest" errors="0" failures="0" skipped="0" tests="15" time="1.288" timestamp="2026-05-15T21:51:09.557740+00:00" hostname="agent-env-f929511e-5c57-4851-9352-72fe9f0a67e1"><testcase classname="backend.tests.test_code_builder" name="test_root" time="0.303" /><testcase classname="backend.tests.test_code_builder" name="test_status" time="0.057" /><testcase classname="backend.tests.test_code_builder" name="test_build_empty_prompt" time="0.111" /><testcase classname="backend.tests.test_code_builder" name="test_build_kanban" time="0.056" /><testcase classname="backend.tests.test_code_builder" name="test_build_notes" time="0.054" /><testcase classname="backend.tests.test_code_builder" name="test_build_habit" time="0.059" /><testcase classname="backend.tests.test_code_builder" name="test_build_chat" time="0.052" /><testcase classname="backend.tests.test_code_builder" name="test_build_generic" time="0.053" /><testcase classname="backend.tests.test_code_builder" name="test_list_builds_omits_files" time="0.050" /><testcase classname="backend.tests.test_code_builder" name="test_get_build_includes_files" time="0.050" /><testcase classname="backend.tests.test_code_builder" name="test_download_zip_and_python_validity" time="0.059" /><testcase classname="backend.tests.test_code_builder" name="test_feedback_increments_score" time="0.110" /><testcase classname="backend.tests.test_code_builder" name="test_leaderboard_sorted" time="0.051" /><testcase classname="backend.tests.test_code_builder" name="test_lineage_nodes" time="0.050" /><testcase classname="backend.tests.test_code_builder" name="test_fork_build" time="0.105" /></testsuite></testsuites>