<?xml version="1.0" encoding="utf-8"?><testsuites name="pytest tests"><testsuite name="pytest" errors="0" failures="0" skipped="0" tests="16" time="2.142" timestamp="2026-08-07T19:32:01.359887+00:00" hostname="agent-env-f929511e-5c57-4851-9352-72fe9f0a67e1"><testcase classname="tests.test_auth.TestAuthSession" name="test_missing_session_id_returns_400" time="0.213" /><testcase classname="tests.test_auth.TestAuthSession" name="test_missing_session_id_no_body_returns_400" time="0.048" /><testcase classname="tests.test_auth.TestAuthSession" name="test_bogus_session_id_header_form_returns_401" time="0.156" /><testcase classname="tests.test_auth.TestAuthSession" name="test_bogus_session_id_body_form_returns_401" time="0.100" /><testcase classname="tests.test_auth.TestAuthMe" name="test_me_without_credentials_returns_401" time="0.109" /><testcase classname="tests.test_auth.TestAuthMe" name="test_me_with_bearer_returns_authuser" time="0.112" /><testcase classname="tests.test_auth.TestAuthMe" name="test_me_with_cookie_returns_authuser" time="0.154" /><testcase classname="tests.test_auth.TestAuthMe" name="test_me_with_expired_session_returns_401" time="0.099" /><testcase classname="tests.test_auth.TestAuthMe" name="test_me_with_unknown_token_returns_401" time="0.141" /><testcase classname="tests.test_auth.TestAuthLogout" name="test_logout_deletes_session_and_me_401" time="0.323" /><testcase classname="tests.test_auth.TestAuthLogout" name="test_logout_without_token_is_noop_ok" time="0.106" /><testcase classname="tests.test_auth.TestCors" name="test_app_echoes_origin_with_credentials" time="0.003" /><testcase classname="tests.test_auth.TestCors" name="test_public_edge_cors_credentials" time="0.107" /><testcase classname="tests.test_auth.TestCors" name="test_cors_preflight_app_level" time="0.002" /><testcase classname="tests.test_auth.TestAnonymousRegression" name="test_settings_works_without_auth" time="0.101" /><testcase classname="tests.test_auth.TestAnonymousRegression" name="test_root_and_status_public" time="0.211" /></testsuite></testsuites>