<?xml version="1.0" encoding="utf-8"?><testsuites name="pytest tests"><testsuite name="pytest" errors="0" failures="0" skipped="0" tests="13" time="1.464" timestamp="2026-05-15T20:30:02.968941+00:00" hostname="agent-env-f929511e-5c57-4851-9352-72fe9f0a67e1"><testcase classname="backend.tests.test_recursive_bbs" name="test_root" time="0.324" /><testcase classname="backend.tests.test_recursive_bbs" name="test_status" time="0.053" /><testcase classname="backend.tests.test_recursive_bbs" name="test_create_build_full_shape" time="0.056" /><testcase classname="backend.tests.test_recursive_bbs" name="test_create_build_no_prompt" time="0.046" /><testcase classname="backend.tests.test_recursive_bbs" name="test_list_builds_sorted" time="0.064" /><testcase classname="backend.tests.test_recursive_bbs" name="test_get_build" time="0.061" /><testcase classname="backend.tests.test_recursive_bbs" name="test_get_build_404" time="0.054" /><testcase classname="backend.tests.test_recursive_bbs" name="test_feedback_upvote" time="0.050" /><testcase classname="backend.tests.test_recursive_bbs" name="test_feedback_downvote" time="0.052" /><testcase classname="backend.tests.test_recursive_bbs" name="test_leaderboard_sorted" time="0.048" /><testcase classname="backend.tests.test_recursive_bbs" name="test_lineage_shape" time="0.062" /><testcase classname="backend.tests.test_recursive_bbs" name="test_self_improvement_inheritance" time="0.224" /><testcase classname="backend.tests.test_recursive_bbs" name="test_fork_increments_generation" time="0.105" /></testsuite></testsuites>